[www.getlinks.info/love/index.html]
[backblue.gif]
[fade.gif]
[index.html]
[www.getlinks.info/love/lovelogo.png]
[maxcdn.bootstrapcdn.com/bootstrap/3.3.4/css/bootstrap.min.css]
[ajax.googleapis.com/ajax/libs/jquery/2.1.3/jquery.min.js]
[maxcdn.bootstrapcdn.com/bootstrap/3.3.4/js/bootstrap.min.js]
[www.getlinks.info/stylesheets/mainb4ae.css]
[use.fontawesome.com/releases/v5.7.0/css/all.css]
[cdnjs.cloudflare.com/ajax/libs/bootbox.js/4.4.0/bootbox.min.js]
[www.getlinks.info/love/pink-bg5.jpg]
[www.getlinks.info/love/Pink-Heart-Transparent-Background.png]
[www.getlinks.info/love/loginwithpin.html]
[www.getlinks.info/love/index.html]
[maxcdn.bootstrapcdn.com/bootstrap/3.3.4/css/bootstrap.min.css]
[www.getlinks.info/stylesheets/mainb4ae.css]
[use.fontawesome.com/releases/v5.7.0/css/all.css]
[www.getlinks.info/love/loginwithpin.html]
[cdn.foxpush.net/sdk/foxpush_SDK_min.js]
[www.getlinks.info/love/c/index.html]
